<?xml version="1.0" encoding="UTF-8"?>
<!-- Generated by org.testng.reporters.JUnitXMLReporter -->
<testsuite hostname="DESKTOP-9BP3NO9" ignored="0" name="Default test" tests="3" failures="0" timestamp="11 Jul 2019 07:05:34 GMT" time="0.049" errors="0">
  <testcase name="customerTest" time="0.012" classname="com.testNG.annotation.Test.Customertest"/>
  <testcase name="deletecustometTest" time="0.002" classname="com.testNG.annotation.Test.Customertest"/>
  <testcase name="modifycustometest" time="0.005" classname="com.testNG.annotation.Test.Customertest"/>
</testsuite> <!-- Default test -->
