<?xml version="1.0" encoding="UTF-8"?>
<testng-results skipped="0" failed="0" ignored="0" total="3" passed="3">
  <reporter-output>
  </reporter-output>
  <suite name="Default suite" duration-ms="49" started-at="2019-07-11T07:05:34Z" finished-at="2019-07-11T07:05:34Z">
    <groups>
    </groups>
    <test name="Default test" duration-ms="49" started-at="2019-07-11T07:05:34Z" finished-at="2019-07-11T07:05:34Z">
      <class name="com.testNG.annotation.Test.Customertest">
        <test-method status="PASS" signature="customerTest()[pri:0, instance:com.testNG.annotation.Test.Customertest@16a51ab]" name="customerTest" duration-ms="12" started-at="2019-07-11T12:35:34Z" finished-at="2019-07-11T12:35:34Z">
          <reporter-output>
          </reporter-output>
        </test-method> <!-- customerTest -->
        <test-method status="PASS" signature="deletecustometTest()[pri:0, instance:com.testNG.annotation.Test.Customertest@16a51ab]" name="deletecustometTest" duration-ms="2" started-at="2019-07-11T12:35:34Z" finished-at="2019-07-11T12:35:34Z">
          <reporter-output>
          </reporter-output>
        </test-method> <!-- deletecustometTest -->
        <test-method status="PASS" signature="modifycustometest()[pri:0, instance:com.testNG.annotation.Test.Customertest@16a51ab]" name="modifycustometest" duration-ms="5" started-at="2019-07-11T12:35:34Z" finished-at="2019-07-11T12:35:34Z">
          <reporter-output>
          </reporter-output>
        </test-method> <!-- modifycustometest -->
      </class> <!-- com.testNG.annotation.Test.Customertest -->
    </test> <!-- Default test -->
  </suite> <!-- Default suite -->
</testng-results>
